<?xml version="1.0" encoding="UTF-8"?>
<testsuite xmlns:xsi="http://www.w3.org/2001/XMLSchema-instance" xsi:noNamespaceSchemaLocation="https://maven.apache.org/surefire/maven-surefire-plugin/xsd/surefire-test-report-3.0.xsd" version="3.0" name="vn.tayjava.BackendServiceApplicationTests" time="3.021" tests="1" errors="0" skipped="0" failures="0">
  <properties>
    <property name="java.specification.version" value="23"/>
    <property name="sun.jnu.encoding" value="UTF-8"/>
    <property name="java.class.path" value="/Users/quoctay/Workspace/training/BackendFullSteps/target/test-classes:/Users/quoctay/Workspace/training/BackendFullSteps/target/classes:/Users/quoctay/.m2/repository/org/springframework/boot/spring-boot-starter-actuator/3.3.4/spring-boot-starter-actuator-3.3.4.jar:/Users/quoctay/.m2/repository/org/springframework/boot/spring-boot-starter/3.3.4/spring-boot-starter-3.3.4.jar:/Users/quoctay/.m2/repository/org/springframework/boot/spring-boot-starter-logging/3.3.4/spring-boot-starter-logging-3.3.4.jar:/Users/quoctay/.m2/repository/ch/qos/logback/logback-classic/1.5.8/logback-classic-1.5.8.jar:/Users/quoctay/.m2/repository/ch/qos/logback/logback-core/1.5.8/logback-core-1.5.8.jar:/Users/quoctay/.m2/repository/org/apache/logging/log4j/log4j-to-slf4j/2.23.1/log4j-to-slf4j-2.23.1.jar:/Users/quoctay/.m2/repository/org/apache/logging/log4j/log4j-api/2.23.1/log4j-api-2.23.1.jar:/Users/quoctay/.m2/repository/org/slf4j/jul-to-slf4j/2.0.16/jul-to-slf4j-2.0.16.jar:/Users/quoctay/.m2/repository/jakarta/annotation/jakarta.annotation-api/2.1.1/jakarta.annotation-api-2.1.1.jar:/Users/quoctay/.m2/repository/org/yaml/snakeyaml/2.2/snakeyaml-2.2.jar:/Users/quoctay/.m2/repository/org/springframework/boot/spring-boot-actuator-autoconfigure/3.3.4/spring-boot-actuator-autoconfigure-3.3.4.jar:/Users/quoctay/.m2/repository/org/springframework/boot/spring-boot-actuator/3.3.4/spring-boot-actuator-3.3.4.jar:/Users/quoctay/.m2/repository/com/fasterxml/jackson/datatype/jackson-datatype-jsr310/2.17.2/jackson-datatype-jsr310-2.17.2.jar:/Users/quoctay/.m2/repository/io/micrometer/micrometer-observation/1.13.4/micrometer-observation-1.13.4.jar:/Users/quoctay/.m2/repository/io/micrometer/micrometer-commons/1.13.4/micrometer-commons-1.13.4.jar:/Users/quoctay/.m2/repository/io/micrometer/micrometer-jakarta9/1.13.4/micrometer-jakarta9-1.13.4.jar:/Users/quoctay/.m2/repository/io/micrometer/micrometer-core/1.13.4/micrometer-core-1.13.4.jar:/Users/quoctay/.m2/repository/org/hdrhistogram/HdrHistogram/2.2.2/HdrHistogram-2.2.2.jar:/Users/quoctay/.m2/repository/org/latencyutils/LatencyUtils/2.0.3/LatencyUtils-2.0.3.jar:/Users/quoctay/.m2/repository/org/springframework/boot/spring-boot-starter-data-jpa/3.3.4/spring-boot-starter-data-jpa-3.3.4.jar:/Users/quoctay/.m2/repository/org/springframework/boot/spring-boot-starter-aop/3.3.4/spring-boot-starter-aop-3.3.4.jar:/Users/quoctay/.m2/repository/org/aspectj/aspectjweaver/1.9.22.1/aspectjweaver-1.9.22.1.jar:/Users/quoctay/.m2/repository/org/springframework/boot/spring-boot-starter-jdbc/3.3.4/spring-boot-starter-jdbc-3.3.4.jar:/Users/quoctay/.m2/repository/com/zaxxer/HikariCP/5.1.0/HikariCP-5.1.0.jar:/Users/quoctay/.m2/repository/org/springframework/spring-jdbc/6.1.13/spring-jdbc-6.1.13.jar:/Users/quoctay/.m2/repository/org/hibernate/orm/hibernate-core/6.5.3.Final/hibernate-core-6.5.3.Final.jar:/Users/quoctay/.m2/repository/jakarta/persistence/jakarta.persistence-api/3.1.0/jakarta.persistence-api-3.1.0.jar:/Users/quoctay/.m2/repository/jakarta/transaction/jakarta.transaction-api/2.0.1/jakarta.transaction-api-2.0.1.jar:/Users/quoctay/.m2/repository/org/jboss/logging/jboss-logging/3.5.3.Final/jboss-logging-3.5.3.Final.jar:/Users/quoctay/.m2/repository/org/hibernate/common/hibernate-commons-annotations/6.0.6.Final/hibernate-commons-annotations-6.0.6.Final.jar:/Users/quoctay/.m2/repository/io/smallrye/jandex/3.1.2/jandex-3.1.2.jar:/Users/quoctay/.m2/repository/com/fasterxml/classmate/1.7.0/classmate-1.7.0.jar:/Users/quoctay/.m2/repository/net/bytebuddy/byte-buddy/1.14.19/byte-buddy-1.14.19.jar:/Users/quoctay/.m2/repository/org/glassfish/jaxb/jaxb-runtime/4.0.5/jaxb-runtime-4.0.5.jar:/Users/quoctay/.m2/repository/org/glassfish/jaxb/jaxb-core/4.0.5/jaxb-core-4.0.5.jar:/Users/quoctay/.m2/repository/org/glassfish/jaxb/txw2/4.0.5/txw2-4.0.5.jar:/Users/quoctay/.m2/repository/com/sun/istack/istack-commons-runtime/4.1.2/istack-commons-runtime-4.1.2.jar:/Users/quoctay/.m2/repository/jakarta/inject/jakarta.inject-api/2.0.1/jakarta.inject-api-2.0.1.jar:/Users/quoctay/.m2/repository/org/antlr/antlr4-runtime/4.13.0/antlr4-runtime-4.13.0.jar:/Users/quoctay/.m2/repository/org/springframework/data/spring-data-jpa/3.3.4/spring-data-jpa-3.3.4.jar:/Users/quoctay/.m2/repository/org/springframework/data/spring-data-commons/3.3.4/spring-data-commons-3.3.4.jar:/Users/quoctay/.m2/repository/org/springframework/spring-orm/6.1.13/spring-orm-6.1.13.jar:/Users/quoctay/.m2/repository/org/springframework/spring-context/6.1.13/spring-context-6.1.13.jar:/Users/quoctay/.m2/repository/org/springframework/spring-tx/6.1.13/spring-tx-6.1.13.jar:/Users/quoctay/.m2/repository/org/springframework/spring-beans/6.1.13/spring-beans-6.1.13.jar:/Users/quoctay/.m2/repository/org/slf4j/slf4j-api/2.0.16/slf4j-api-2.0.16.jar:/Users/quoctay/.m2/repository/org/springframework/spring-aspects/6.1.13/spring-aspects-6.1.13.jar:/Users/quoctay/.m2/repository/org/springframework/boot/spring-boot-starter-mail/3.3.4/spring-boot-starter-mail-3.3.4.jar:/Users/quoctay/.m2/repository/org/springframework/spring-context-support/6.1.13/spring-context-support-6.1.13.jar:/Users/quoctay/.m2/repository/org/eclipse/angus/jakarta.mail/2.0.3/jakarta.mail-2.0.3.jar:/Users/quoctay/.m2/repository/jakarta/activation/jakarta.activation-api/2.1.3/jakarta.activation-api-2.1.3.jar:/Users/quoctay/.m2/repository/org/eclipse/angus/angus-activation/2.0.2/angus-activation-2.0.2.jar:/Users/quoctay/.m2/repository/org/springframework/boot/spring-boot-starter-validation/3.3.4/spring-boot-starter-validation-3.3.4.jar:/Users/quoctay/.m2/repository/org/apache/tomcat/embed/tomcat-embed-el/10.1.30/tomcat-embed-el-10.1.30.jar:/Users/quoctay/.m2/repository/org/hibernate/validator/hibernate-validator/8.0.1.Final/hibernate-validator-8.0.1.Final.jar:/Users/quoctay/.m2/repository/jakarta/validation/jakarta.validation-api/3.0.2/jakarta.validation-api-3.0.2.jar:/Users/quoctay/.m2/repository/org/springframework/boot/spring-boot-starter-security/3.3.4/spring-boot-starter-security-3.3.4.jar:/Users/quoctay/.m2/repository/org/springframework/spring-aop/6.1.13/spring-aop-6.1.13.jar:/Users/quoctay/.m2/repository/org/springframework/security/spring-security-config/6.3.3/spring-security-config-6.3.3.jar:/Users/quoctay/.m2/repository/org/springframework/security/spring-security-web/6.3.3/spring-security-web-6.3.3.jar:/Users/quoctay/.m2/repository/org/springframework/spring-expression/6.1.13/spring-expression-6.1.13.jar:/Users/quoctay/.m2/repository/org/springframework/boot/spring-boot-starter-web/3.3.4/spring-boot-starter-web-3.3.4.jar:/Users/quoctay/.m2/repository/org/springframework/boot/spring-boot-starter-json/3.3.4/spring-boot-starter-json-3.3.4.jar:/Users/quoctay/.m2/repository/com/fasterxml/jackson/datatype/jackson-datatype-jdk8/2.17.2/jackson-datatype-jdk8-2.17.2.jar:/Users/quoctay/.m2/repository/com/fasterxml/jackson/module/jackson-module-parameter-names/2.17.2/jackson-module-parameter-names-2.17.2.jar:/Users/quoctay/.m2/repository/org/springframework/boot/spring-boot-starter-tomcat/3.3.4/spring-boot-starter-tomcat-3.3.4.jar:/Users/quoctay/.m2/repository/org/apache/tomcat/embed/tomcat-embed-core/10.1.30/tomcat-embed-core-10.1.30.jar:/Users/quoctay/.m2/repository/org/apache/tomcat/embed/tomcat-embed-websocket/10.1.30/tomcat-embed-websocket-10.1.30.jar:/Users/quoctay/.m2/repository/org/springframework/spring-web/6.1.13/spring-web-6.1.13.jar:/Users/quoctay/.m2/repository/org/springframework/spring-webmvc/6.1.13/spring-webmvc-6.1.13.jar:/Users/quoctay/.m2/repository/io/jsonwebtoken/jjwt-api/0.11.5/jjwt-api-0.11.5.jar:/Users/quoctay/.m2/repository/io/jsonwebtoken/jjwt-impl/0.11.5/jjwt-impl-0.11.5.jar:/Users/quoctay/.m2/repository/io/jsonwebtoken/jjwt-jackson/0.11.5/jjwt-jackson-0.11.5.jar:/Users/quoctay/.m2/repository/com/fasterxml/jackson/core/jackson-databind/2.17.2/jackson-databind-2.17.2.jar:/Users/quoctay/.m2/repository/org/springdoc/springdoc-openapi-starter-webmvc-ui/2.2.0/springdoc-openapi-starter-webmvc-ui-2.2.0.jar:/Users/quoctay/.m2/repository/org/springdoc/springdoc-openapi-starter-webmvc-api/2.2.0/springdoc-openapi-starter-webmvc-api-2.2.0.jar:/Users/quoctay/.m2/repository/org/springdoc/springdoc-openapi-starter-common/2.2.0/springdoc-openapi-starter-common-2.2.0.jar:/Users/quoctay/.m2/repository/io/swagger/core/v3/swagger-core-jakarta/2.2.15/swagger-core-jakarta-2.2.15.jar:/Users/quoctay/.m2/repository/org/apache/commons/commons-lang3/3.14.0/commons-lang3-3.14.0.jar:/Users/quoctay/.m2/repository/io/swagger/core/v3/swagger-annotations-jakarta/2.2.15/swagger-annotations-jakarta-2.2.15.jar:/Users/quoctay/.m2/repository/io/swagger/core/v3/swagger-models-jakarta/2.2.15/swagger-models-jakarta-2.2.15.jar:/Users/quoctay/.m2/repository/com/fasterxml/jackson/dataformat/jackson-dataformat-yaml/2.17.2/jackson-dataformat-yaml-2.17.2.jar:/Users/quoctay/.m2/repository/org/webjars/swagger-ui/5.2.0/swagger-ui-5.2.0.jar:/Users/quoctay/.m2/repository/com/google/code/gson/gson/2.11.0/gson-2.11.0.jar:/Users/quoctay/.m2/repository/com/google/errorprone/error_prone_annotations/2.27.0/error_prone_annotations-2.27.0.jar:/Users/quoctay/.m2/repository/org/springframework/boot/spring-boot-devtools/3.3.4/spring-boot-devtools-3.3.4.jar:/Users/quoctay/.m2/repository/org/springframework/boot/spring-boot/3.3.4/spring-boot-3.3.4.jar:/Users/quoctay/.m2/repository/org/springframework/boot/spring-boot-autoconfigure/3.3.4/spring-boot-autoconfigure-3.3.4.jar:/Users/quoctay/.m2/repository/com/mysql/mysql-connector-j/8.3.0/mysql-connector-j-8.3.0.jar:/Users/quoctay/.m2/repository/com/sendgrid/sendgrid-java/4.10.1/sendgrid-java-4.10.1.jar:/Users/quoctay/.m2/repository/com/sendgrid/java-http-client/4.5.0/java-http-client-4.5.0.jar:/Users/quoctay/.m2/repository/org/apache/httpcomponents/httpcore/4.4.16/httpcore-4.4.16.jar:/Users/quoctay/.m2/repository/org/apache/httpcomponents/httpclient/4.5.13/httpclient-4.5.13.jar:/Users/quoctay/.m2/repository/commons-logging/commons-logging/1.2/commons-logging-1.2.jar:/Users/quoctay/.m2/repository/commons-codec/commons-codec/1.16.1/commons-codec-1.16.1.jar:/Users/quoctay/.m2/repository/com/fasterxml/jackson/core/jackson-core/2.17.2/jackson-core-2.17.2.jar:/Users/quoctay/.m2/repository/com/fasterxml/jackson/core/jackson-annotations/2.17.2/jackson-annotations-2.17.2.jar:/Users/quoctay/.m2/repository/org/bouncycastle/bcprov-jdk18on/1.76/bcprov-jdk18on-1.76.jar:/Users/quoctay/.m2/repository/org/projectlombok/lombok/1.18.34/lombok-1.18.34.jar:/Users/quoctay/.m2/repository/org/springframework/boot/spring-boot-starter-test/3.3.4/spring-boot-starter-test-3.3.4.jar:/Users/quoctay/.m2/repository/org/springframework/boot/spring-boot-test/3.3.4/spring-boot-test-3.3.4.jar:/Users/quoctay/.m2/repository/org/springframework/boot/spring-boot-test-autoconfigure/3.3.4/spring-boot-test-autoconfigure-3.3.4.jar:/Users/quoctay/.m2/repository/com/jayway/jsonpath/json-path/2.9.0/json-path-2.9.0.jar:/Users/quoctay/.m2/repository/jakarta/xml/bind/jakarta.xml.bind-api/4.0.2/jakarta.xml.bind-api-4.0.2.jar:/Users/quoctay/.m2/repository/net/minidev/json-smart/2.5.1/json-smart-2.5.1.jar:/Users/quoctay/.m2/repository/net/minidev/accessors-smart/2.5.1/accessors-smart-2.5.1.jar:/Users/quoctay/.m2/repository/org/ow2/asm/asm/9.6/asm-9.6.jar:/Users/quoctay/.m2/repository/org/assertj/assertj-core/3.25.3/assertj-core-3.25.3.jar:/Users/quoctay/.m2/repository/org/awaitility/awaitility/4.2.2/awaitility-4.2.2.jar:/Users/quoctay/.m2/repository/org/hamcrest/hamcrest/2.2/hamcrest-2.2.jar:/Users/quoctay/.m2/repository/org/junit/jupiter/junit-jupiter/5.10.3/junit-jupiter-5.10.3.jar:/Users/quoctay/.m2/repository/org/junit/jupiter/junit-jupiter-api/5.10.3/junit-jupiter-api-5.10.3.jar:/Users/quoctay/.m2/repository/org/opentest4j/opentest4j/1.3.0/opentest4j-1.3.0.jar:/Users/quoctay/.m2/repository/org/junit/platform/junit-platform-commons/1.10.3/junit-platform-commons-1.10.3.jar:/Users/quoctay/.m2/repository/org/apiguardian/apiguardian-api/1.1.2/apiguardian-api-1.1.2.jar:/Users/quoctay/.m2/repository/org/junit/jupiter/junit-jupiter-params/5.10.3/junit-jupiter-params-5.10.3.jar:/Users/quoctay/.m2/repository/org/junit/jupiter/junit-jupiter-engine/5.10.3/junit-jupiter-engine-5.10.3.jar:/Users/quoctay/.m2/repository/org/junit/platform/junit-platform-engine/1.10.3/junit-platform-engine-1.10.3.jar:/Users/quoctay/.m2/repository/org/mockito/mockito-core/5.11.0/mockito-core-5.11.0.jar:/Users/quoctay/.m2/repository/net/bytebuddy/byte-buddy-agent/1.14.19/byte-buddy-agent-1.14.19.jar:/Users/quoctay/.m2/repository/org/objenesis/objenesis/3.3/objenesis-3.3.jar:/Users/quoctay/.m2/repository/org/mockito/mockito-junit-jupiter/5.11.0/mockito-junit-jupiter-5.11.0.jar:/Users/quoctay/.m2/repository/org/skyscreamer/jsonassert/1.5.3/jsonassert-1.5.3.jar:/Users/quoctay/.m2/repository/com/vaadin/external/google/android-json/0.0.20131108.vaadin1/android-json-0.0.20131108.vaadin1.jar:/Users/quoctay/.m2/repository/org/springframework/spring-core/6.1.13/spring-core-6.1.13.jar:/Users/quoctay/.m2/repository/org/springframework/spring-jcl/6.1.13/spring-jcl-6.1.13.jar:/Users/quoctay/.m2/repository/org/springframework/spring-test/6.1.13/spring-test-6.1.13.jar:/Users/quoctay/.m2/repository/org/xmlunit/xmlunit-core/2.9.1/xmlunit-core-2.9.1.jar:/Users/quoctay/.m2/repository/org/springframework/security/spring-security-test/6.3.3/spring-security-test-6.3.3.jar:/Users/quoctay/.m2/repository/org/springframework/security/spring-security-core/6.3.3/spring-security-core-6.3.3.jar:/Users/quoctay/.m2/repository/org/springframework/security/spring-security-crypto/6.3.3/spring-security-crypto-6.3.3.jar:"/>
    <property name="java.vm.vendor" value="Homebrew"/>
    <property name="sun.arch.data.model" value="64"/>
    <property name="java.vendor.url" value="https://github.com/Homebrew/homebrew-core/issues"/>
    <property name="user.timezone" value="Asia/Ho_Chi_Minh"/>
    <property name="org.jboss.logging.provider" value="slf4j"/>
    <property name="os.name" value="Mac OS X"/>
    <property name="java.vm.specification.version" value="23"/>
    <property name="sun.java.launcher" value="SUN_STANDARD"/>
    <property name="user.country" value="VN"/>
    <property name="sun.boot.library.path" value="/opt/homebrew/Cellar/openjdk/23/libexec/openjdk.jdk/Contents/Home/lib"/>
    <property name="sun.java.command" value="/Users/quoctay/Workspace/training/BackendFullSteps/target/surefire/surefirebooter-20241018123337266_3.jar /Users/quoctay/Workspace/training/BackendFullSteps/target/surefire 2024-10-18T12-33-37_229-jvmRun1 surefire-20241018123337266_1tmp surefire_0-20241018123337266_2tmp"/>
    <property name="http.nonProxyHosts" value="local|*.local|169.254/16|*.169.254/16"/>
    <property name="jdk.debug" value="release"/>
    <property name="surefire.test.class.path" value="/Users/quoctay/Workspace/training/BackendFullSteps/target/test-classes:/Users/quoctay/Workspace/training/BackendFullSteps/target/classes:/Users/quoctay/.m2/repository/org/springframework/boot/spring-boot-starter-actuator/3.3.4/spring-boot-starter-actuator-3.3.4.jar:/Users/quoctay/.m2/repository/org/springframework/boot/spring-boot-starter/3.3.4/spring-boot-starter-3.3.4.jar:/Users/quoctay/.m2/repository/org/springframework/boot/spring-boot-starter-logging/3.3.4/spring-boot-starter-logging-3.3.4.jar:/Users/quoctay/.m2/repository/ch/qos/logback/logback-classic/1.5.8/logback-classic-1.5.8.jar:/Users/quoctay/.m2/repository/ch/qos/logback/logback-core/1.5.8/logback-core-1.5.8.jar:/Users/quoctay/.m2/repository/org/apache/logging/log4j/log4j-to-slf4j/2.23.1/log4j-to-slf4j-2.23.1.jar:/Users/quoctay/.m2/repository/org/apache/logging/log4j/log4j-api/2.23.1/log4j-api-2.23.1.jar:/Users/quoctay/.m2/repository/org/slf4j/jul-to-slf4j/2.0.16/jul-to-slf4j-2.0.16.jar:/Users/quoctay/.m2/repository/jakarta/annotation/jakarta.annotation-api/2.1.1/jakarta.annotation-api-2.1.1.jar:/Users/quoctay/.m2/repository/org/yaml/snakeyaml/2.2/snakeyaml-2.2.jar:/Users/quoctay/.m2/repository/org/springframework/boot/spring-boot-actuator-autoconfigure/3.3.4/spring-boot-actuator-autoconfigure-3.3.4.jar:/Users/quoctay/.m2/repository/org/springframework/boot/spring-boot-actuator/3.3.4/spring-boot-actuator-3.3.4.jar:/Users/quoctay/.m2/repository/com/fasterxml/jackson/datatype/jackson-datatype-jsr310/2.17.2/jackson-datatype-jsr310-2.17.2.jar:/Users/quoctay/.m2/repository/io/micrometer/micrometer-observation/1.13.4/micrometer-observation-1.13.4.jar:/Users/quoctay/.m2/repository/io/micrometer/micrometer-commons/1.13.4/micrometer-commons-1.13.4.jar:/Users/quoctay/.m2/repository/io/micrometer/micrometer-jakarta9/1.13.4/micrometer-jakarta9-1.13.4.jar:/Users/quoctay/.m2/repository/io/micrometer/micrometer-core/1.13.4/micrometer-core-1.13.4.jar:/Users/quoctay/.m2/repository/org/hdrhistogram/HdrHistogram/2.2.2/HdrHistogram-2.2.2.jar:/Users/quoctay/.m2/repository/org/latencyutils/LatencyUtils/2.0.3/LatencyUtils-2.0.3.jar:/Users/quoctay/.m2/repository/org/springframework/boot/spring-boot-starter-data-jpa/3.3.4/spring-boot-starter-data-jpa-3.3.4.jar:/Users/quoctay/.m2/repository/org/springframework/boot/spring-boot-starter-aop/3.3.4/spring-boot-starter-aop-3.3.4.jar:/Users/quoctay/.m2/repository/org/aspectj/aspectjweaver/1.9.22.1/aspectjweaver-1.9.22.1.jar:/Users/quoctay/.m2/repository/org/springframework/boot/spring-boot-starter-jdbc/3.3.4/spring-boot-starter-jdbc-3.3.4.jar:/Users/quoctay/.m2/repository/com/zaxxer/HikariCP/5.1.0/HikariCP-5.1.0.jar:/Users/quoctay/.m2/repository/org/springframework/spring-jdbc/6.1.13/spring-jdbc-6.1.13.jar:/Users/quoctay/.m2/repository/org/hibernate/orm/hibernate-core/6.5.3.Final/hibernate-core-6.5.3.Final.jar:/Users/quoctay/.m2/repository/jakarta/persistence/jakarta.persistence-api/3.1.0/jakarta.persistence-api-3.1.0.jar:/Users/quoctay/.m2/repository/jakarta/transaction/jakarta.transaction-api/2.0.1/jakarta.transaction-api-2.0.1.jar:/Users/quoctay/.m2/repository/org/jboss/logging/jboss-logging/3.5.3.Final/jboss-logging-3.5.3.Final.jar:/Users/quoctay/.m2/repository/org/hibernate/common/hibernate-commons-annotations/6.0.6.Final/hibernate-commons-annotations-6.0.6.Final.jar:/Users/quoctay/.m2/repository/io/smallrye/jandex/3.1.2/jandex-3.1.2.jar:/Users/quoctay/.m2/repository/com/fasterxml/classmate/1.7.0/classmate-1.7.0.jar:/Users/quoctay/.m2/repository/net/bytebuddy/byte-buddy/1.14.19/byte-buddy-1.14.19.jar:/Users/quoctay/.m2/repository/org/glassfish/jaxb/jaxb-runtime/4.0.5/jaxb-runtime-4.0.5.jar:/Users/quoctay/.m2/repository/org/glassfish/jaxb/jaxb-core/4.0.5/jaxb-core-4.0.5.jar:/Users/quoctay/.m2/repository/org/glassfish/jaxb/txw2/4.0.5/txw2-4.0.5.jar:/Users/quoctay/.m2/repository/com/sun/istack/istack-commons-runtime/4.1.2/istack-commons-runtime-4.1.2.jar:/Users/quoctay/.m2/repository/jakarta/inject/jakarta.inject-api/2.0.1/jakarta.inject-api-2.0.1.jar:/Users/quoctay/.m2/repository/org/antlr/antlr4-runtime/4.13.0/antlr4-runtime-4.13.0.jar:/Users/quoctay/.m2/repository/org/springframework/data/spring-data-jpa/3.3.4/spring-data-jpa-3.3.4.jar:/Users/quoctay/.m2/repository/org/springframework/data/spring-data-commons/3.3.4/spring-data-commons-3.3.4.jar:/Users/quoctay/.m2/repository/org/springframework/spring-orm/6.1.13/spring-orm-6.1.13.jar:/Users/quoctay/.m2/repository/org/springframework/spring-context/6.1.13/spring-context-6.1.13.jar:/Users/quoctay/.m2/repository/org/springframework/spring-tx/6.1.13/spring-tx-6.1.13.jar:/Users/quoctay/.m2/repository/org/springframework/spring-beans/6.1.13/spring-beans-6.1.13.jar:/Users/quoctay/.m2/repository/org/slf4j/slf4j-api/2.0.16/slf4j-api-2.0.16.jar:/Users/quoctay/.m2/repository/org/springframework/spring-aspects/6.1.13/spring-aspects-6.1.13.jar:/Users/quoctay/.m2/repository/org/springframework/boot/spring-boot-starter-mail/3.3.4/spring-boot-starter-mail-3.3.4.jar:/Users/quoctay/.m2/repository/org/springframework/spring-context-support/6.1.13/spring-context-support-6.1.13.jar:/Users/quoctay/.m2/repository/org/eclipse/angus/jakarta.mail/2.0.3/jakarta.mail-2.0.3.jar:/Users/quoctay/.m2/repository/jakarta/activation/jakarta.activation-api/2.1.3/jakarta.activation-api-2.1.3.jar:/Users/quoctay/.m2/repository/org/eclipse/angus/angus-activation/2.0.2/angus-activation-2.0.2.jar:/Users/quoctay/.m2/repository/org/springframework/boot/spring-boot-starter-validation/3.3.4/spring-boot-starter-validation-3.3.4.jar:/Users/quoctay/.m2/repository/org/apache/tomcat/embed/tomcat-embed-el/10.1.30/tomcat-embed-el-10.1.30.jar:/Users/quoctay/.m2/repository/org/hibernate/validator/hibernate-validator/8.0.1.Final/hibernate-validator-8.0.1.Final.jar:/Users/quoctay/.m2/repository/jakarta/validation/jakarta.validation-api/3.0.2/jakarta.validation-api-3.0.2.jar:/Users/quoctay/.m2/repository/org/springframework/boot/spring-boot-starter-security/3.3.4/spring-boot-starter-security-3.3.4.jar:/Users/quoctay/.m2/repository/org/springframework/spring-aop/6.1.13/spring-aop-6.1.13.jar:/Users/quoctay/.m2/repository/org/springframework/security/spring-security-config/6.3.3/spring-security-config-6.3.3.jar:/Users/quoctay/.m2/repository/org/springframework/security/spring-security-web/6.3.3/spring-security-web-6.3.3.jar:/Users/quoctay/.m2/repository/org/springframework/spring-expression/6.1.13/spring-expression-6.1.13.jar:/Users/quoctay/.m2/repository/org/springframework/boot/spring-boot-starter-web/3.3.4/spring-boot-starter-web-3.3.4.jar:/Users/quoctay/.m2/repository/org/springframework/boot/spring-boot-starter-json/3.3.4/spring-boot-starter-json-3.3.4.jar:/Users/quoctay/.m2/repository/com/fasterxml/jackson/datatype/jackson-datatype-jdk8/2.17.2/jackson-datatype-jdk8-2.17.2.jar:/Users/quoctay/.m2/repository/com/fasterxml/jackson/module/jackson-module-parameter-names/2.17.2/jackson-module-parameter-names-2.17.2.jar:/Users/quoctay/.m2/repository/org/springframework/boot/spring-boot-starter-tomcat/3.3.4/spring-boot-starter-tomcat-3.3.4.jar:/Users/quoctay/.m2/repository/org/apache/tomcat/embed/tomcat-embed-core/10.1.30/tomcat-embed-core-10.1.30.jar:/Users/quoctay/.m2/repository/org/apache/tomcat/embed/tomcat-embed-websocket/10.1.30/tomcat-embed-websocket-10.1.30.jar:/Users/quoctay/.m2/repository/org/springframework/spring-web/6.1.13/spring-web-6.1.13.jar:/Users/quoctay/.m2/repository/org/springframework/spring-webmvc/6.1.13/spring-webmvc-6.1.13.jar:/Users/quoctay/.m2/repository/io/jsonwebtoken/jjwt-api/0.11.5/jjwt-api-0.11.5.jar:/Users/quoctay/.m2/repository/io/jsonwebtoken/jjwt-impl/0.11.5/jjwt-impl-0.11.5.jar:/Users/quoctay/.m2/repository/io/jsonwebtoken/jjwt-jackson/0.11.5/jjwt-jackson-0.11.5.jar:/Users/quoctay/.m2/repository/com/fasterxml/jackson/core/jackson-databind/2.17.2/jackson-databind-2.17.2.jar:/Users/quoctay/.m2/repository/org/springdoc/springdoc-openapi-starter-webmvc-ui/2.2.0/springdoc-openapi-starter-webmvc-ui-2.2.0.jar:/Users/quoctay/.m2/repository/org/springdoc/springdoc-openapi-starter-webmvc-api/2.2.0/springdoc-openapi-starter-webmvc-api-2.2.0.jar:/Users/quoctay/.m2/repository/org/springdoc/springdoc-openapi-starter-common/2.2.0/springdoc-openapi-starter-common-2.2.0.jar:/Users/quoctay/.m2/repository/io/swagger/core/v3/swagger-core-jakarta/2.2.15/swagger-core-jakarta-2.2.15.jar:/Users/quoctay/.m2/repository/org/apache/commons/commons-lang3/3.14.0/commons-lang3-3.14.0.jar:/Users/quoctay/.m2/repository/io/swagger/core/v3/swagger-annotations-jakarta/2.2.15/swagger-annotations-jakarta-2.2.15.jar:/Users/quoctay/.m2/repository/io/swagger/core/v3/swagger-models-jakarta/2.2.15/swagger-models-jakarta-2.2.15.jar:/Users/quoctay/.m2/repository/com/fasterxml/jackson/dataformat/jackson-dataformat-yaml/2.17.2/jackson-dataformat-yaml-2.17.2.jar:/Users/quoctay/.m2/repository/org/webjars/swagger-ui/5.2.0/swagger-ui-5.2.0.jar:/Users/quoctay/.m2/repository/com/google/code/gson/gson/2.11.0/gson-2.11.0.jar:/Users/quoctay/.m2/repository/com/google/errorprone/error_prone_annotations/2.27.0/error_prone_annotations-2.27.0.jar:/Users/quoctay/.m2/repository/org/springframework/boot/spring-boot-devtools/3.3.4/spring-boot-devtools-3.3.4.jar:/Users/quoctay/.m2/repository/org/springframework/boot/spring-boot/3.3.4/spring-boot-3.3.4.jar:/Users/quoctay/.m2/repository/org/springframework/boot/spring-boot-autoconfigure/3.3.4/spring-boot-autoconfigure-3.3.4.jar:/Users/quoctay/.m2/repository/com/mysql/mysql-connector-j/8.3.0/mysql-connector-j-8.3.0.jar:/Users/quoctay/.m2/repository/com/sendgrid/sendgrid-java/4.10.1/sendgrid-java-4.10.1.jar:/Users/quoctay/.m2/repository/com/sendgrid/java-http-client/4.5.0/java-http-client-4.5.0.jar:/Users/quoctay/.m2/repository/org/apache/httpcomponents/httpcore/4.4.16/httpcore-4.4.16.jar:/Users/quoctay/.m2/repository/org/apache/httpcomponents/httpclient/4.5.13/httpclient-4.5.13.jar:/Users/quoctay/.m2/repository/commons-logging/commons-logging/1.2/commons-logging-1.2.jar:/Users/quoctay/.m2/repository/commons-codec/commons-codec/1.16.1/commons-codec-1.16.1.jar:/Users/quoctay/.m2/repository/com/fasterxml/jackson/core/jackson-core/2.17.2/jackson-core-2.17.2.jar:/Users/quoctay/.m2/repository/com/fasterxml/jackson/core/jackson-annotations/2.17.2/jackson-annotations-2.17.2.jar:/Users/quoctay/.m2/repository/org/bouncycastle/bcprov-jdk18on/1.76/bcprov-jdk18on-1.76.jar:/Users/quoctay/.m2/repository/org/projectlombok/lombok/1.18.34/lombok-1.18.34.jar:/Users/quoctay/.m2/repository/org/springframework/boot/spring-boot-starter-test/3.3.4/spring-boot-starter-test-3.3.4.jar:/Users/quoctay/.m2/repository/org/springframework/boot/spring-boot-test/3.3.4/spring-boot-test-3.3.4.jar:/Users/quoctay/.m2/repository/org/springframework/boot/spring-boot-test-autoconfigure/3.3.4/spring-boot-test-autoconfigure-3.3.4.jar:/Users/quoctay/.m2/repository/com/jayway/jsonpath/json-path/2.9.0/json-path-2.9.0.jar:/Users/quoctay/.m2/repository/jakarta/xml/bind/jakarta.xml.bind-api/4.0.2/jakarta.xml.bind-api-4.0.2.jar:/Users/quoctay/.m2/repository/net/minidev/json-smart/2.5.1/json-smart-2.5.1.jar:/Users/quoctay/.m2/repository/net/minidev/accessors-smart/2.5.1/accessors-smart-2.5.1.jar:/Users/quoctay/.m2/repository/org/ow2/asm/asm/9.6/asm-9.6.jar:/Users/quoctay/.m2/repository/org/assertj/assertj-core/3.25.3/assertj-core-3.25.3.jar:/Users/quoctay/.m2/repository/org/awaitility/awaitility/4.2.2/awaitility-4.2.2.jar:/Users/quoctay/.m2/repository/org/hamcrest/hamcrest/2.2/hamcrest-2.2.jar:/Users/quoctay/.m2/repository/org/junit/jupiter/junit-jupiter/5.10.3/junit-jupiter-5.10.3.jar:/Users/quoctay/.m2/repository/org/junit/jupiter/junit-jupiter-api/5.10.3/junit-jupiter-api-5.10.3.jar:/Users/quoctay/.m2/repository/org/opentest4j/opentest4j/1.3.0/opentest4j-1.3.0.jar:/Users/quoctay/.m2/repository/org/junit/platform/junit-platform-commons/1.10.3/junit-platform-commons-1.10.3.jar:/Users/quoctay/.m2/repository/org/apiguardian/apiguardian-api/1.1.2/apiguardian-api-1.1.2.jar:/Users/quoctay/.m2/repository/org/junit/jupiter/junit-jupiter-params/5.10.3/junit-jupiter-params-5.10.3.jar:/Users/quoctay/.m2/repository/org/junit/jupiter/junit-jupiter-engine/5.10.3/junit-jupiter-engine-5.10.3.jar:/Users/quoctay/.m2/repository/org/junit/platform/junit-platform-engine/1.10.3/junit-platform-engine-1.10.3.jar:/Users/quoctay/.m2/repository/org/mockito/mockito-core/5.11.0/mockito-core-5.11.0.jar:/Users/quoctay/.m2/repository/net/bytebuddy/byte-buddy-agent/1.14.19/byte-buddy-agent-1.14.19.jar:/Users/quoctay/.m2/repository/org/objenesis/objenesis/3.3/objenesis-3.3.jar:/Users/quoctay/.m2/repository/org/mockito/mockito-junit-jupiter/5.11.0/mockito-junit-jupiter-5.11.0.jar:/Users/quoctay/.m2/repository/org/skyscreamer/jsonassert/1.5.3/jsonassert-1.5.3.jar:/Users/quoctay/.m2/repository/com/vaadin/external/google/android-json/0.0.20131108.vaadin1/android-json-0.0.20131108.vaadin1.jar:/Users/quoctay/.m2/repository/org/springframework/spring-core/6.1.13/spring-core-6.1.13.jar:/Users/quoctay/.m2/repository/org/springframework/spring-jcl/6.1.13/spring-jcl-6.1.13.jar:/Users/quoctay/.m2/repository/org/springframework/spring-test/6.1.13/spring-test-6.1.13.jar:/Users/quoctay/.m2/repository/org/xmlunit/xmlunit-core/2.9.1/xmlunit-core-2.9.1.jar:/Users/quoctay/.m2/repository/org/springframework/security/spring-security-test/6.3.3/spring-security-test-6.3.3.jar:/Users/quoctay/.m2/repository/org/springframework/security/spring-security-core/6.3.3/spring-security-core-6.3.3.jar:/Users/quoctay/.m2/repository/org/springframework/security/spring-security-crypto/6.3.3/spring-security-crypto-6.3.3.jar:"/>
    <property name="sun.cpu.endian" value="little"/>
    <property name="user.home" value="/Users/quoctay"/>
    <property name="user.language" value="en"/>
    <property name="java.specification.vendor" value="Oracle Corporation"/>
    <property name="java.version.date" value="2024-09-17"/>
    <property name="java.home" value="/opt/homebrew/Cellar/openjdk/23/libexec/openjdk.jdk/Contents/Home"/>
    <property name="file.separator" value="/"/>
    <property name="basedir" value="/Users/quoctay/Workspace/training/BackendFullSteps"/>
    <property name="java.vm.compressedOopsMode" value="Zero based"/>
    <property name="line.separator" value="&#10;"/>
    <property name="java.vm.specification.vendor" value="Oracle Corporation"/>
    <property name="java.specification.name" value="Java Platform API Specification"/>
    <property name="FILE_LOG_CHARSET" value="UTF-8"/>
    <property name="java.awt.headless" value="true"/>
    <property name="apple.awt.application.name" value="ForkedBooter"/>
    <property name="surefire.real.class.path" value="/Users/quoctay/Workspace/training/BackendFullSteps/target/surefire/surefirebooter-20241018123337266_3.jar"/>
    <property name="sun.management.compiler" value="HotSpot 64-Bit Tiered Compilers"/>
    <property name="ftp.nonProxyHosts" value="local|*.local|169.254/16|*.169.254/16"/>
    <property name="java.runtime.version" value="23"/>
    <property name="user.name" value="quoctay"/>
    <property name="stdout.encoding" value="UTF-8"/>
    <property name="path.separator" value=":"/>
    <property name="os.version" value="14.6.1"/>
    <property name="java.runtime.name" value="OpenJDK Runtime Environment"/>
    <property name="file.encoding" value="UTF-8"/>
    <property name="java.vm.name" value="OpenJDK 64-Bit Server VM"/>
    <property name="java.vendor.version" value="Homebrew"/>
    <property name="localRepository" value="/Users/quoctay/.m2/repository"/>
    <property name="java.vendor.url.bug" value="https://github.com/Homebrew/homebrew-core/issues"/>
    <property name="java.io.tmpdir" value="/var/folders/gv/_5n4qybx5lb5crc5h2_jf_r80000gn/T/"/>
    <property name="com.zaxxer.hikari.pool_number" value="1"/>
    <property name="java.version" value="23"/>
    <property name="user.dir" value="/Users/quoctay/Workspace/training/BackendFullSteps"/>
    <property name="os.arch" value="aarch64"/>
    <property name="java.vm.specification.name" value="Java Virtual Machine Specification"/>
    <property name="PID" value="26390"/>
    <property name="CONSOLE_LOG_CHARSET" value="UTF-8"/>
    <property name="native.encoding" value="UTF-8"/>
    <property name="java.library.path" value="/Users/quoctay/Library/Java/Extensions:/Library/Java/Extensions:/Network/Library/Java/Extensions:/System/Library/Java/Extensions:/usr/lib/java:."/>
    <property name="java.vm.info" value="mixed mode, sharing"/>
    <property name="stderr.encoding" value="UTF-8"/>
    <property name="java.vendor" value="Homebrew"/>
    <property name="java.vm.version" value="23"/>
    <property name="sun.io.unicode.encoding" value="UnicodeBig"/>
    <property name="socksNonProxyHosts" value="local|*.local|169.254/16|*.169.254/16"/>
    <property name="java.class.version" value="67.0"/>
    <property name="LOGGED_APPLICATION_NAME" value="[backend-service] "/>
  </properties>
  <testcase name="contextLoads" classname="vn.tayjava.BackendServiceApplicationTests" time="0.289">
    <system-out><![CDATA[Standard Commons Logging discovery in action with spring-jcl: please remove commons-logging.jar from classpath in order to avoid potential conflicts
12:33:37.628 [main] INFO org.springframework.test.context.support.AnnotationConfigContextLoaderUtils -- Could not detect default configuration classes for test class [vn.tayjava.BackendServiceApplicationTests]: BackendServiceApplicationTests does not declare any static, non-private, non-final, nested classes annotated with @Configuration.
12:33:37.675 [main] INFO org.springframework.boot.test.context.SpringBootTestContextBootstrapper -- Found @SpringBootConfiguration vn.tayjava.BackendServiceApplication for test class vn.tayjava.BackendServiceApplicationTests
12:33:37.742 [main] INFO org.springframework.boot.devtools.restart.RestartApplicationListener -- Restart disabled due to context in which it is running
  ____             _                  _   ____                  _
 | __ )  __ _  ___| | _____ _ __   __| | / ___|  ___ _ ____   _(_) ___ ___
 |  _ \ / _` |/ __| |/ / _ \ '_ \ / _` | \___ \ / _ \ '__\ \ / / |/ __/ _ \
 | |_) | (_| | (__|   <  __/ | | | (_| |  ___) |  __/ |   \ V /| | (_|  __/
 |____/ \__,_|\___|_|\_\___|_| |_|\__,_| |____/ \___|_|    \_/ |_|\___\___|
2024-10-18T12:33:37.865+07:00  INFO 26390 --- [backend-service] [           main] v.t.BackendServiceApplicationTests       : Starting BackendServiceApplicationTests using Java 23 with PID 26390 (started by quoctay in /Users/quoctay/Workspace/training/BackendFullSteps)
2024-10-18T12:33:37.867+07:00  INFO 26390 --- [backend-service] [           main] v.t.BackendServiceApplicationTests       : The following 1 profile is active: "dev"
2024-10-18T12:33:38.335+07:00  INFO 26390 --- [backend-service] [           main] .s.d.r.c.RepositoryConfigurationDelegate : Bootstrapping Spring Data JPA repositories in DEFAULT mode.
2024-10-18T12:33:38.359+07:00  INFO 26390 --- [backend-service] [           main] .s.d.r.c.RepositoryConfigurationDelegate : Finished Spring Data repository scanning in 20 ms. Found 1 JPA repository interface.
2024-10-18T12:33:38.682+07:00  INFO 26390 --- [backend-service] [           main] o.hibernate.jpa.internal.util.LogHelper  : HHH000204: Processing PersistenceUnitInfo [name: default]
2024-10-18T12:33:38.699+07:00  INFO 26390 --- [backend-service] [           main] org.hibernate.Version                    : HHH000412: Hibernate ORM core version 6.5.3.Final
2024-10-18T12:33:38.710+07:00  INFO 26390 --- [backend-service] [           main] o.h.c.internal.RegionFactoryInitiator    : HHH000026: Second-level cache disabled
2024-10-18T12:33:38.826+07:00  INFO 26390 --- [backend-service] [           main] o.s.o.j.p.SpringPersistenceUnitInfo      : No LoadTimeWeaver setup: ignoring JPA class transformer
2024-10-18T12:33:38.836+07:00  INFO 26390 --- [backend-service] [           main] com.zaxxer.hikari.HikariDataSource       : HikariPool-1 - Starting...
2024-10-18T12:33:38.924+07:00  INFO 26390 --- [backend-service] [           main] com.zaxxer.hikari.pool.HikariPool        : HikariPool-1 - Added connection com.mysql.cj.jdbc.ConnectionImpl@24f3fb87
2024-10-18T12:33:38.925+07:00  INFO 26390 --- [backend-service] [           main] com.zaxxer.hikari.HikariDataSource       : HikariPool-1 - Start completed.
2024-10-18T12:33:38.944+07:00  WARN 26390 --- [backend-service] [           main] org.hibernate.orm.deprecation            : HHH90000025: MySQL8Dialect does not need to be specified explicitly using 'hibernate.dialect' (remove the property setting and it will be selected by default)
2024-10-18T12:33:38.945+07:00  WARN 26390 --- [backend-service] [           main] org.hibernate.orm.deprecation            : HHH90000026: MySQL8Dialect has been deprecated; use org.hibernate.dialect.MySQLDialect instead
2024-10-18T12:33:39.291+07:00  INFO 26390 --- [backend-service] [           main] o.h.e.t.j.p.i.JtaPlatformInitiator       : HHH000489: No JTA platform available (set 'hibernate.transaction.jta.platform' to enable JTA platform integration)
2024-10-18T12:33:39.292+07:00  INFO 26390 --- [backend-service] [           main] j.LocalContainerEntityManagerFactoryBean : Initialized JPA EntityManagerFactory for persistence unit 'default'
2024-10-18T12:33:39.492+07:00  INFO 26390 --- [backend-service] [           main] USER-SERVICE                             : userDetailsService
2024-10-18T12:33:39.495+07:00  INFO 26390 --- [backend-service] [           main] eAuthenticationProviderManagerConfigurer : Global AuthenticationManager configured with AuthenticationProvider bean with name authenticationProvider
API Key: null
2024-10-18T12:33:39.633+07:00  WARN 26390 --- [backend-service] [           main] JpaBaseConfiguration$JpaWebConfiguration : spring.jpa.open-in-view is enabled by default. Therefore, database queries may be performed during view rendering. Explicitly configure spring.jpa.open-in-view to disable this warning
2024-10-18T12:33:39.894+07:00  INFO 26390 --- [backend-service] [           main] o.s.b.a.e.web.EndpointLinksResolver      : Exposing 14 endpoints beneath base path '/actuator'
2024-10-18T12:33:40.180+07:00  WARN 26390 --- [backend-service] [           main] o.s.s.c.a.web.builders.WebSecurity       : You are asking Spring Security to ignore Deferred [Mvc [pattern='/actuator/**'], Ant [pattern='/actuator/**']]. This is not recommended -- please use permitAll via HttpSecurity#authorizeHttpRequests instead.
2024-10-18T12:33:40.180+07:00  WARN 26390 --- [backend-service] [           main] o.s.s.c.a.web.builders.WebSecurity       : You are asking Spring Security to ignore Deferred [Mvc [pattern='/v3/**'], Ant [pattern='/v3/**']]. This is not recommended -- please use permitAll via HttpSecurity#authorizeHttpRequests instead.
2024-10-18T12:33:40.180+07:00  WARN 26390 --- [backend-service] [           main] o.s.s.c.a.web.builders.WebSecurity       : You are asking Spring Security to ignore Deferred [Mvc [pattern='/webjars/**'], Ant [pattern='/webjars/**']]. This is not recommended -- please use permitAll via HttpSecurity#authorizeHttpRequests instead.
2024-10-18T12:33:40.180+07:00  WARN 26390 --- [backend-service] [           main] o.s.s.c.a.web.builders.WebSecurity       : You are asking Spring Security to ignore Deferred [Mvc [pattern='/swagger-ui*/*swagger-initializer.js'], Ant [pattern='/swagger-ui*/*swagger-initializer.js']]. This is not recommended -- please use permitAll via HttpSecurity#authorizeHttpRequests instead.
2024-10-18T12:33:40.180+07:00  WARN 26390 --- [backend-service] [           main] o.s.s.c.a.web.builders.WebSecurity       : You are asking Spring Security to ignore Deferred [Mvc [pattern='/swagger-ui*/**'], Ant [pattern='/swagger-ui*/**']]. This is not recommended -- please use permitAll via HttpSecurity#authorizeHttpRequests instead.
2024-10-18T12:33:40.230+07:00  INFO 26390 --- [backend-service] [           main] v.t.BackendServiceApplicationTests       : Started BackendServiceApplicationTests in 2.492 seconds (process running for 2.925)
]]></system-out>
    <system-err><![CDATA[WARNING: A Java agent has been loaded dynamically (/Users/quoctay/.m2/repository/net/bytebuddy/byte-buddy-agent/1.14.19/byte-buddy-agent-1.14.19.jar)
WARNING: If a serviceability tool is in use, please run with -XX:+EnableDynamicAgentLoading to hide this warning
WARNING: If a serviceability tool is not in use, please run with -Djdk.instrument.traceUsage for more information
WARNING: Dynamic loading of agents will be disallowed by default in a future release
]]></system-err>
  </testcase>
</testsuite>